C51 COMPILER V9.01   XPT2046                                                               05/17/2018 14:39:28 PAGE 1   


C51 COMPILER V9.01, COMPILATION OF MODULE XPT2046
OBJECT MODULE PLACED IN XPT2046.OBJ
COMPILER INVOKED BY: e:\Keil\C51\BIN\C51.EXE XPT2046.c BROWSE DEBUG OBJECTEXTEND

line level    source

   1          #include"XPT2046.h"
   2          /****************************************************************************
   3          *函数名：TSPI_Start
   4          *输  入：无
   5          *输  出：无
   6          *功  能：初始化触摸SPI
   7          ****************************************************************************/
   8          
   9          
  10          extern unsigned char temp1[10];
  11          extern unsigned char temp2[10];
  12          
  13          
  14          
  15          
  16          /*
  17          void SPI_Start(void)
  18          {
  19                  CLK = 0;
  20                  CS  = 1;
  21                  DIN = 1;
  22                  CLK = 1;
  23                  CS  = 0;                
  24          } */
  25          /****************************************************************************
  26          *函数名：SPI_Write
  27          *输  入：dat：写入数据
  28          *输  出：无
  29          *功  能：使用SPI写入数据
  30          ****************************************************************************/
  31          
  32          void SPI_Write(uchar dat)
  33          {
  34   1              uchar i;
  35   1              CLK = 0;
  36   1              for(i=0; i<8; i++)
  37   1              {
  38   2                      DIN = dat >> 7;         //放置最高位
  39   2                      dat <<= 1;
  40   2                      CLK = 0;                        //上升沿放置数据
  41   2      
  42   2                      CLK = 1;
  43   2      
  44   2              }
  45   1      }
  46          /****************************************************************************
  47          *函数名：SPI_Read
  48          *输  入：无
  49          *输  出：dat：读取 到的数据
  50          *功  能：使用SPI读取数据
  51          ****************************************************************************/
  52          
  53          uint SPI_Read(void)
  54          {
  55   1              uint i, dat=0;
C51 COMPILER V9.01   XPT2046                                                               05/17/2018 14:39:28 PAGE 2   

  56   1              CLK = 0;
  57   1              for(i=0; i<12; i++)             //接收12位数据
  58   1              {
  59   2                      dat <<= 1;
  60   2      
  61   2                      CLK = 1;
  62   2                      CLK = 0;
  63   2      
  64   2                      dat |= DOUT;
  65   2      
  66   2              }
  67   1              return dat;     
  68   1      }
  69          
  70          /****************************************************************************
  71          *函数名：Read_AD_Data
  72          *输  入：cmd：读取的X或者Y
  73          *输  出：endValue：最终信号处理后返回的值
  74          *功  能：读取触摸数据
  75          ****************************************************************************/
  76          uint Read_AD_Data(uchar cmd)
  77          {
  78   1              uchar i;
  79   1              uint AD_Value;
  80   1              CLK = 0;
  81   1              CS  = 0;
  82   1              SPI_Write(cmd);
  83   1              for(i=6; i>0; i--);     //延时等待转换结果
  84   1              CLK = 1;          //发送一个时钟周期，清除BUSY
  85   1              _nop_();
  86   1              _nop_();
  87   1              CLK = 0;
  88   1              _nop_();
  89   1              _nop_();
  90   1              AD_Value=SPI_Read();
  91   1              CS = 1;
  92   1              return AD_Value;        
  93   1      }
  94          
  95          
  96          //**************************//
  97          //   土壤水分含量显示函数
  98          //
  99          //**************************//
 100          void showSoilMoisture(void)
 101          {
 102   1              unsigned int SMtemp;
 103   1              SMtemp = Read_AD_Data(0xE4);            
 104   1              temp1[0]='S';
 105   1              temp1[1]='O';
 106   1              temp1[2]='I';
 107   1              temp1[3]='L';
 108   1              temp1[4]=':';
 109   1              /***数字转换成字符串进行显示*****/      
 110   1              temp1[5]=(SMtemp/1000)+'0';
 111   1              temp1[6]=(SMtemp%1000/100)+'0';
 112   1              temp1[7]=(SMtemp%1000%100/10)+'0';
 113   1              temp1[8]=(SMtemp%1000%100%10)+'0';
 114   1              temp1[9]='\0';
 115   1      }
 116          
 117          //**************************//
C51 COMPILER V9.01   XPT2046                                                               05/17/2018 14:39:28 PAGE 3   

 118          //   土壤水分含量显示函数
 119          //
 120          //**************************//
 121          void showIllumination(void)
 122          {
 123   1              unsigned int SItemp;
 124   1              SItemp = Read_AD_Data(0xA4);            
 125   1              temp1[0]='I';
 126   1              temp1[1]='L';
 127   1              temp1[2]='L';
 128   1              temp1[3]='U';
 129   1              temp1[4]=':';
 130   1              /***数字转换成字符串进行显示*****/      
 131   1              temp1[5]=(SItemp/1000)+'0';
 132   1              temp1[6]=(SItemp%1000/100)+'0';
 133   1              temp1[7]=(SItemp%1000%100/10)+'0';
 134   1              temp1[8]=(SItemp%1000%100%10)+'0';
 135   1              temp1[9]='\0';
 136   1      }
 137          


MODULE INFORMATION:   STATIC OVERLAYABLE
   CODE SIZE        =    395    ----
   CONSTANT SIZE    =   ----    ----
   XDATA SIZE       =   ----    ----
   PDATA SIZE       =   ----    ----
   DATA SIZE        =   ----    ----
   IDATA SIZE       =   ----    ----
   BIT SIZE         =   ----    ----
END OF MODULE INFORMATION.


C51 COMPILATION COMPLETE.  0 WARNING(S),  0 ERROR(S)
